{"D:\\Coding\\atlas\\src\\core\\guardrails.ts": {"path":"D:\\Coding\\atlas\\src\\core\\guardrails.ts","statementMap":{"0":{"start":{"line":1,"column":0},"end":{"line":1,"column":24}},"1":{"start":{"line":2,"column":0},"end":{"line":2,"column":46}},"2":{"start":{"line":4,"column":0},"end":{"line":4,"column":20}},"3":{"start":{"line":13,"column":4},"end":{"line":13,"column":43}},"4":{"start":{"line":14,"column":4},"end":{"line":14,"column":86}},"5":{"start":{"line":18,"column":15},"end":{"line":18,"column":30}},"6":{"start":{"line":20,"column":28},"end":{"line":20,"column":30}},"7":{"start":{"line":21,"column":4},"end":{"line":39,"column":5}},"8":{"start":{"line":23,"column":8},"end":{"line":29,"column":30}},"9":{"start":{"line":32,"column":8},"end":{"line":38,"column":17}},"10":{"start":{"line":41,"column":4},"end":{"line":41,"column":22}},"11":{"start":{"line":58,"column":23},"end":{"line":58,"column":76}},"12":{"start":{"line":59,"column":4},"end":{"line":61,"column":5}},"13":{"start":{"line":60,"column":8},"end":{"line":60,"column":92}},"14":{"start":{"line":69,"column":28},"end":{"line":69,"column":73}},"15":{"start":{"line":70,"column":4},"end":{"line":76,"column":5}},"16":{"start":{"line":71,"column":25},"end":{"line":71,"column":66}},"17":{"start":{"line":72,"column":24},"end":{"line":72,"column":60}},"18":{"start":{"line":73,"column":8},"end":{"line":75,"column":9}},"19":{"start":{"line":74,"column":13},"end":{"line":74,"column":96}},"20":{"start":{"line":78,"column":4},"end":{"line":78,"column":30}},"21":{"start":{"line":82,"column":4},"end":{"line":82,"column":20}},"22":{"start":{"line":8,"column":0},"end":{"line":8,"column":13}}},"fnMap":{"0":{"name":"(anonymous_1)","decl":{"start":{"line":12,"column":2},"end":{"line":12,"column":14}},"loc":{"start":{"line":12,"column":30},"end":{"line":15,"column":3}}},"1":{"name":"(anonymous_2)","decl":{"start":{"line":17,"column":2},"end":{"line":17,"column":16}},"loc":{"start":{"line":17,"column":49},"end":{"line":42,"column":3}}},"2":{"name":"(anonymous_3)","decl":{"start":{"line":44,"column":2},"end":{"line":44,"column":7}},"loc":{"start":{"line":44,"column":18},"end":{"line":79,"column":3}}},"3":{"name":"(anonymous_4)","decl":{"start":{"line":81,"column":2},"end":{"line":81,"column":7}},"loc":{"start":{"line":81,"column":7},"end":{"line":83,"column":3}}}},"branchMap":{"0":{"loc":{"start":{"line":21,"column":4},"end":{"line":39,"column":5}},"type":"if","locations":[{"start":{"line":21,"column":4},"end":{"line":39,"column":5}},{"start":{"line":30,"column":11},"end":{"line":39,"column":5}}]},"1":{"loc":{"start":{"line":59,"column":4},"end":{"line":61,"column":5}},"type":"if","locations":[{"start":{"line":59,"column":4},"end":{"line":61,"column":5}},{"start":{},"end":{}}]},"2":{"loc":{"start":{"line":70,"column":4},"end":{"line":76,"column":5}},"type":"if","locations":[{"start":{"line":70,"column":4},"end":{"line":76,"column":5}},{"start":{},"end":{}}]},"3":{"loc":{"start":{"line":73,"column":8},"end":{"line":75,"column":9}},"type":"if","locations":[{"start":{"line":73,"column":8},"end":{"line":75,"column":9}},{"start":{},"end":{}}]}},"s":{"0":1,"1":1,"2":1,"3":3,"4":3,"5":2,"6":2,"7":2,"8":1,"9":1,"10":2,"11":1,"12":1,"13":0,"14":1,"15":1,"16":1,"17":1,"18":1,"19":1,"20":0,"21":3,"22":1},"f":{"0":3,"1":2,"2":1,"3":3},"b":{"0":[1,1],"1":[0,1],"2":[1,0],"3":[1,0]}}
,"D:\\Coding\\atlas\\src\\core\\indexer.ts": {"path":"D:\\Coding\\atlas\\src\\core\\indexer.ts","statementMap":{"0":{"start":{"line":1,"column":0},"end":{"line":1,"column":20}},"1":{"start":{"line":2,"column":0},"end":{"line":2,"column":24}},"2":{"start":{"line":3,"column":0},"end":{"line":3,"column":28}},"3":{"start":{"line":4,"column":0},"end":{"line":4,"column":28}},"4":{"start":{"line":5,"column":0},"end":{"line":5,"column":28}},"5":{"start":{"line":6,"column":0},"end":{"line":6,"column":46}},"6":{"start":{"line":7,"column":0},"end":{"line":7,"column":40}},"7":{"start":{"line":14,"column":4},"end":{"line":14,"column":43}},"8":{"start":{"line":15,"column":4},"end":{"line":15,"column":86}},"9":{"start":{"line":19,"column":4},"end":{"line":19,"column":40}},"10":{"start":{"line":20,"column":15},"end":{"line":20,"column":23}},"11":{"start":{"line":21,"column":26},"end":{"line":21,"column":64}},"12":{"start":{"line":22,"column":4},"end":{"line":24,"column":5}},"13":{"start":{"line":23,"column":6},"end":{"line":23,"column":56}},"14":{"start":{"line":25,"column":4},"end":{"line":25,"column":24}},"15":{"start":{"line":26,"column":4},"end":{"line":26,"column":22}},"16":{"start":{"line":27,"column":4},"end":{"line":27,"column":30}},"17":{"start":{"line":28,"column":4},"end":{"line":28,"column":25}},"18":{"start":{"line":30,"column":18},"end":{"line":35,"column":6}},"19":{"start":{"line":37,"column":26},"end":{"line":37,"column":59}},"20":{"start":{"line":37,"column":44},"end":{"line":37,"column":58}},"21":{"start":{"line":39,"column":15},"end":{"line":39,"column":30}},"22":{"start":{"line":42,"column":23},"end":{"line":42,"column":126}},"23":{"start":{"line":43,"column":25},"end":{"line":43,"column":157}},"24":{"start":{"line":44,"column":25},"end":{"line":44,"column":97}},"25":{"start":{"line":45,"column":26},"end":{"line":45,"column":77}},"26":{"start":{"line":46,"column":26},"end":{"line":46,"column":77}},"27":{"start":{"line":47,"column":20},"end":{"line":47,"column":75}},"28":{"start":{"line":49,"column":4},"end":{"line":85,"column":9}},"29":{"start":{"line":50,"column":6},"end":{"line":84,"column":7}},"30":{"start":{"line":51,"column":25},"end":{"line":51,"column":55}},"31":{"start":{"line":52,"column":24},"end":{"line":52,"column":58}},"32":{"start":{"line":53,"column":21},"end":{"line":53,"column":75}},"33":{"start":{"line":55,"column":25},"end":{"line":55,"column":86}},"34":{"start":{"line":57,"column":8},"end":{"line":59,"column":9}},"35":{"start":{"line":58,"column":10},"end":{"line":58,"column":19}},"36":{"start":{"line":61,"column":28},"end":{"line":61,"column":61}},"37":{"start":{"line":63,"column":21},"end":{"line":63,"column":55}},"38":{"start":{"line":65,"column":8},"end":{"line":73,"column":9}},"39":{"start":{"line":67,"column":13},"end":{"line":67,"column":119}},"40":{"start":{"line":68,"column":13},"end":{"line":68,"column":44}},"41":{"start":{"line":69,"column":13},"end":{"line":69,"column":44}},"42":{"start":{"line":71,"column":25},"end":{"line":71,"column":81}},"43":{"start":{"line":72,"column":13},"end":{"line":72,"column":52}},"44":{"start":{"line":76,"column":8},"end":{"line":78,"column":9}},"45":{"start":{"line":77,"column":12},"end":{"line":77,"column":124}},"46":{"start":{"line":81,"column":8},"end":{"line":83,"column":9}},"47":{"start":{"line":82,"column":12},"end":{"line":82,"column":47}},"48":{"start":{"line":87,"column":4},"end":{"line":87,"column":29}},"49":{"start":{"line":88,"column":4},"end":{"line":88,"column":38}},"50":{"start":{"line":92,"column":17},"end":{"line":92,"column":32}},"51":{"start":{"line":95,"column":22},"end":{"line":95,"column":150}},"52":{"start":{"line":96,"column":6},"end":{"line":96,"column":112}},"53":{"start":{"line":99,"column":24},"end":{"line":99,"column":107}},"54":{"start":{"line":100,"column":6},"end":{"line":103,"column":19}},"55":{"start":{"line":107,"column":4},"end":{"line":107,"column":20}},"56":{"start":{"line":9,"column":0},"end":{"line":9,"column":13}}},"fnMap":{"0":{"name":"(anonymous_1)","decl":{"start":{"line":13,"column":2},"end":{"line":13,"column":14}},"loc":{"start":{"line":13,"column":30},"end":{"line":16,"column":3}}},"1":{"name":"(anonymous_2)","decl":{"start":{"line":18,"column":2},"end":{"line":18,"column":7}},"loc":{"start":{"line":18,"column":13},"end":{"line":89,"column":3}}},"2":{"name":"(anonymous_3)","decl":{"start":{"line":37,"column":39},"end":{"line":37,"column":40}},"loc":{"start":{"line":37,"column":44},"end":{"line":37,"column":58}}},"3":{"name":"(anonymous_4)","decl":{"start":{"line":49,"column":19},"end":{"line":49,"column":22}},"loc":{"start":{"line":49,"column":24},"end":{"line":85,"column":5}}},"4":{"name":"(anonymous_5)","decl":{"start":{"line":91,"column":10},"end":{"line":91,"column":27}},"loc":{"start":{"line":91,"column":27},"end":{"line":104,"column":3}}},"5":{"name":"(anonymous_6)","decl":{"start":{"line":106,"column":2},"end":{"line":106,"column":7}},"loc":{"start":{"line":106,"column":7},"end":{"line":108,"column":3}}}},"branchMap":{"0":{"loc":{"start":{"line":22,"column":4},"end":{"line":24,"column":5}},"type":"if","locations":[{"start":{"line":22,"column":4},"end":{"line":24,"column":5}},{"start":{},"end":{}}]},"1":{"loc":{"start":{"line":57,"column":8},"end":{"line":59,"column":9}},"type":"if","locations":[{"start":{"line":57,"column":8},"end":{"line":59,"column":9}},{"start":{},"end":{}}]},"2":{"loc":{"start":{"line":57,"column":12},"end":{"line":57,"column":46}},"type":"binary-expr","locations":[{"start":{"line":57,"column":12},"end":{"line":57,"column":20}},{"start":{"line":57,"column":24},"end":{"line":57,"column":46}}]},"3":{"loc":{"start":{"line":63,"column":21},"end":{"line":63,"column":55}},"type":"cond-expr","locations":[{"start":{"line":63,"column":32},"end":{"line":63,"column":43}},{"start":{"line":63,"column":46},"end":{"line":63,"column":55}}]},"4":{"loc":{"start":{"line":65,"column":8},"end":{"line":73,"column":9}},"type":"if","locations":[{"start":{"line":65,"column":8},"end":{"line":73,"column":9}},{"start":{"line":70,"column":15},"end":{"line":73,"column":9}}]},"5":{"loc":{"start":{"line":77,"column":102},"end":{"line":77,"column":122}},"type":"cond-expr","locations":[{"start":{"line":77,"column":117},"end":{"line":77,"column":118}},{"start":{"line":77,"column":121},"end":{"line":77,"column":122}}]}},"s":{"0":3,"1":3,"2":3,"3":3,"4":3,"5":3,"6":3,"7":7,"8":7,"9":7,"10":7,"11":7,"12":7,"13":1,"14":7,"15":7,"16":7,"17":7,"18":7,"19":7,"20":12,"21":7,"22":7,"23":7,"24":7,"25":7,"26":7,"27":7,"28":7,"29":7,"30":10,"31":10,"32":10,"33":10,"34":10,"35":0,"36":10,"37":10,"38":10,"39":0,"40":0,"41":0,"42":10,"43":10,"44":10,"45":20,"46":10,"47":2,"48":7,"49":7,"50":7,"51":7,"52":7,"53":7,"54":7,"55":7,"56":3},"f":{"0":7,"1":7,"2":12,"3":7,"4":7,"5":7},"b":{"0":[1,6],"1":[0,10],"2":[10,0],"3":[0,10],"4":[0,10],"5":[18,2]}}
,"D:\\Coding\\atlas\\src\\core\\packer.ts": {"path":"D:\\Coding\\atlas\\src\\core\\packer.ts","statementMap":{"0":{"start":{"line":1,"column":0},"end":{"line":1,"column":20}},"1":{"start":{"line":2,"column":0},"end":{"line":2,"column":24}},"2":{"start":{"line":3,"column":0},"end":{"line":3,"column":46}},"3":{"start":{"line":16,"column":4},"end":{"line":16,"column":43}},"4":{"start":{"line":17,"column":4},"end":{"line":17,"column":86}},"5":{"start":{"line":21,"column":21},"end":{"line":21,"column":70}},"6":{"start":{"line":21,"column":57},"end":{"line":21,"column":69}},"7":{"start":{"line":22,"column":15},"end":{"line":22,"column":30}},"8":{"start":{"line":25,"column":23},"end":{"line":25,"column":25}},"9":{"start":{"line":26,"column":4},"end":{"line":30,"column":5}},"10":{"start":{"line":27,"column":29},"end":{"line":27,"column":75}},"11":{"start":{"line":27,"column":48},"end":{"line":27,"column":61}},"12":{"start":{"line":28,"column":21},"end":{"line":28,"column":48}},"13":{"start":{"line":28,"column":39},"end":{"line":28,"column":47}},"14":{"start":{"line":29,"column":8},"end":{"line":29,"column":154}},"15":{"start":{"line":33,"column":27},"end":{"line":33,"column":44}},"16":{"start":{"line":34,"column":24},"end":{"line":34,"column":49}},"17":{"start":{"line":36,"column":4},"end":{"line":41,"column":5}},"18":{"start":{"line":37,"column":8},"end":{"line":40,"column":9}},"19":{"start":{"line":38,"column":12},"end":{"line":38,"column":47}},"20":{"start":{"line":39,"column":12},"end":{"line":39,"column":87}},"21":{"start":{"line":45,"column":25},"end":{"line":45,"column":51}},"22":{"start":{"line":46,"column":4},"end":{"line":61,"column":5}},"23":{"start":{"line":47,"column":24},"end":{"line":47,"column":94}},"24":{"start":{"line":48,"column":8},"end":{"line":60,"column":9}},"25":{"start":{"line":49,"column":28},"end":{"line":49,"column":118}},"26":{"start":{"line":50,"column":12},"end":{"line":59,"column":13}},"27":{"start":{"line":53,"column":16},"end":{"line":58,"column":17}},"28":{"start":{"line":55,"column":38},"end":{"line":55,"column":90}},"29":{"start":{"line":64,"column":33},"end":{"line":64,"column":35}},"30":{"start":{"line":65,"column":22},"end":{"line":65,"column":23}},"31":{"start":{"line":67,"column":4},"end":{"line":81,"column":5}},"32":{"start":{"line":68,"column":25},"end":{"line":68,"column":55}},"33":{"start":{"line":69,"column":8},"end":{"line":80,"column":9}},"34":{"start":{"line":70,"column":28},"end":{"line":70,"column":62}},"35":{"start":{"line":71,"column":12},"end":{"line":73,"column":13}},"36":{"start":{"line":72,"column":16},"end":{"line":72,"column":22}},"37":{"start":{"line":74,"column":12},"end":{"line":78,"column":15}},"38":{"start":{"line":79,"column":12},"end":{"line":79,"column":42}},"39":{"start":{"line":83,"column":17},"end":{"line":92,"column":6}},"40":{"start":{"line":94,"column":4},"end":{"line":94,"column":91}},"41":{"start":{"line":95,"column":4},"end":{"line":95,"column":16}},"42":{"start":{"line":99,"column":4},"end":{"line":99,"column":20}},"43":{"start":{"line":11,"column":0},"end":{"line":11,"column":13}}},"fnMap":{"0":{"name":"(anonymous_1)","decl":{"start":{"line":15,"column":2},"end":{"line":15,"column":14}},"loc":{"start":{"line":15,"column":30},"end":{"line":18,"column":3}}},"1":{"name":"(anonymous_2)","decl":{"start":{"line":20,"column":2},"end":{"line":20,"column":6}},"loc":{"start":{"line":20,"column":27},"end":{"line":96,"column":3}}},"2":{"name":"(anonymous_3)","decl":{"start":{"line":21,"column":52},"end":{"line":21,"column":53}},"loc":{"start":{"line":21,"column":57},"end":{"line":21,"column":69}}},"3":{"name":"(anonymous_4)","decl":{"start":{"line":27,"column":42},"end":{"line":27,"column":45}},"loc":{"start":{"line":27,"column":48},"end":{"line":27,"column":61}}},"4":{"name":"(anonymous_5)","decl":{"start":{"line":28,"column":34},"end":{"line":28,"column":35}},"loc":{"start":{"line":28,"column":39},"end":{"line":28,"column":47}}},"5":{"name":"(anonymous_6)","decl":{"start":{"line":98,"column":2},"end":{"line":98,"column":7}},"loc":{"start":{"line":98,"column":7},"end":{"line":100,"column":3}}}},"branchMap":{"0":{"loc":{"start":{"line":26,"column":4},"end":{"line":30,"column":5}},"type":"if","locations":[{"start":{"line":26,"column":4},"end":{"line":30,"column":5}},{"start":{},"end":{}}]},"1":{"loc":{"start":{"line":37,"column":8},"end":{"line":40,"column":9}},"type":"if","locations":[{"start":{"line":37,"column":8},"end":{"line":40,"column":9}},{"start":{},"end":{}}]},"2":{"loc":{"start":{"line":48,"column":8},"end":{"line":60,"column":9}},"type":"if","locations":[{"start":{"line":48,"column":8},"end":{"line":60,"column":9}},{"start":{},"end":{}}]},"3":{"loc":{"start":{"line":53,"column":16},"end":{"line":58,"column":17}},"type":"if","locations":[{"start":{"line":53,"column":16},"end":{"line":58,"column":17}},{"start":{},"end":{}}]},"4":{"loc":{"start":{"line":69,"column":8},"end":{"line":80,"column":9}},"type":"if","locations":[{"start":{"line":69,"column":8},"end":{"line":80,"column":9}},{"start":{},"end":{}}]},"5":{"loc":{"start":{"line":71,"column":12},"end":{"line":73,"column":13}},"type":"if","locations":[{"start":{"line":71,"column":12},"end":{"line":73,"column":13}},{"start":{},"end":{}}]}},"s":{"0":1,"1":1,"2":1,"3":2,"4":2,"5":2,"6":5,"7":2,"8":2,"9":2,"10":2,"11":3,"12":2,"13":3,"14":2,"15":2,"16":2,"17":2,"18":4,"19":2,"20":2,"21":2,"22":2,"23":2,"24":2,"25":2,"26":2,"27":2,"28":2,"29":2,"30":2,"31":2,"32":2,"33":2,"34":2,"35":2,"36":1,"37":1,"38":1,"39":2,"40":2,"41":2,"42":2,"43":1},"f":{"0":2,"1":2,"2":5,"3":3,"4":3,"5":2},"b":{"0":[2,0],"1":[2,2],"2":[2,0],"3":[2,0],"4":[2,0],"5":[1,1]}}
,"D:\\Coding\\atlas\\src\\core\\parser.ts": {"path":"D:\\Coding\\atlas\\src\\core\\parser.ts","statementMap":{"0":{"start":{"line":2,"column":0},"end":{"line":2,"column":24}},"1":{"start":{"line":25,"column":16},"end":{"line":25,"column":38}},"2":{"start":{"line":26,"column":4},"end":{"line":30,"column":5}},"3":{"start":{"line":27,"column":6},"end":{"line":27,"column":35}},"4":{"start":{"line":28,"column":11},"end":{"line":30,"column":5}},"5":{"start":{"line":29,"column":6},"end":{"line":29,"column":39}},"6":{"start":{"line":31,"column":4},"end":{"line":31,"column":61}},"7":{"start":{"line":35,"column":33},"end":{"line":35,"column":35}},"8":{"start":{"line":36,"column":33},"end":{"line":36,"column":35}},"9":{"start":{"line":37,"column":18},"end":{"line":37,"column":37}},"10":{"start":{"line":41,"column":24},"end":{"line":41,"column":98}},"11":{"start":{"line":42,"column":24},"end":{"line":42,"column":60}},"12":{"start":{"line":43,"column":26},"end":{"line":43,"column":54}},"13":{"start":{"line":44,"column":23},"end":{"line":44,"column":48}},"14":{"start":{"line":46,"column":4},"end":{"line":99,"column":7}},"15":{"start":{"line":47,"column":22},"end":{"line":47,"column":31}},"16":{"start":{"line":49,"column":23},"end":{"line":49,"column":46}},"17":{"start":{"line":50,"column":6},"end":{"line":52,"column":7}},"18":{"start":{"line":51,"column":8},"end":{"line":51,"column":44}},"19":{"start":{"line":54,"column":23},"end":{"line":54,"column":46}},"20":{"start":{"line":55,"column":6},"end":{"line":74,"column":7}},"21":{"start":{"line":56,"column":8},"end":{"line":63,"column":11}},"22":{"start":{"line":65,"column":9},"end":{"line":72,"column":11}},"23":{"start":{"line":73,"column":8},"end":{"line":73,"column":15}},"24":{"start":{"line":76,"column":24},"end":{"line":76,"column":49}},"25":{"start":{"line":77,"column":6},"end":{"line":86,"column":7}},"26":{"start":{"line":78,"column":8},"end":{"line":85,"column":11}},"27":{"start":{"line":88,"column":25},"end":{"line":88,"column":47}},"28":{"start":{"line":89,"column":6},"end":{"line":98,"column":7}},"29":{"start":{"line":90,"column":9},"end":{"line":97,"column":11}},"30":{"start":{"line":101,"column":4},"end":{"line":101,"column":56}},"31":{"start":{"line":105,"column":33},"end":{"line":105,"column":35}},"32":{"start":{"line":106,"column":33},"end":{"line":106,"column":35}},"33":{"start":{"line":107,"column":18},"end":{"line":107,"column":37}},"34":{"start":{"line":109,"column":21},"end":{"line":109,"column":44}},"35":{"start":{"line":110,"column":23},"end":{"line":110,"column":48}},"36":{"start":{"line":111,"column":24},"end":{"line":111,"column":67}},"37":{"start":{"line":113,"column":4},"end":{"line":147,"column":7}},"38":{"start":{"line":114,"column":23},"end":{"line":114,"column":32}},"39":{"start":{"line":115,"column":27},"end":{"line":115,"column":38}},"40":{"start":{"line":118,"column":24},"end":{"line":118,"column":54}},"41":{"start":{"line":119,"column":7},"end":{"line":122,"column":8}},"42":{"start":{"line":121,"column":11},"end":{"line":121,"column":59}},"43":{"start":{"line":124,"column":24},"end":{"line":124,"column":51}},"44":{"start":{"line":125,"column":7},"end":{"line":134,"column":8}},"45":{"start":{"line":126,"column":9},"end":{"line":133,"column":12}},"46":{"start":{"line":136,"column":26},"end":{"line":136,"column":55}},"47":{"start":{"line":137,"column":7},"end":{"line":146,"column":8}},"48":{"start":{"line":138,"column":9},"end":{"line":145,"column":12}},"49":{"start":{"line":149,"column":4},"end":{"line":149,"column":52}},"50":{"start":{"line":23,"column":0},"end":{"line":23,"column":13}}},"fnMap":{"0":{"name":"(anonymous_1)","decl":{"start":{"line":24,"column":2},"end":{"line":24,"column":8}},"loc":{"start":{"line":24,"column":48},"end":{"line":32,"column":3}}},"1":{"name":"(anonymous_2)","decl":{"start":{"line":34,"column":10},"end":{"line":34,"column":16}},"loc":{"start":{"line":34,"column":40},"end":{"line":102,"column":3}}},"2":{"name":"(anonymous_3)","decl":{"start":{"line":46,"column":18},"end":{"line":46,"column":19}},"loc":{"start":{"line":46,"column":34},"end":{"line":99,"column":5}}},"3":{"name":"(anonymous_4)","decl":{"start":{"line":104,"column":10},"end":{"line":104,"column":16}},"loc":{"start":{"line":104,"column":44},"end":{"line":150,"column":3}}},"4":{"name":"(anonymous_5)","decl":{"start":{"line":113,"column":18},"end":{"line":113,"column":19}},"loc":{"start":{"line":113,"column":34},"end":{"line":147,"column":5}}}},"branchMap":{"0":{"loc":{"start":{"line":26,"column":4},"end":{"line":30,"column":5}},"type":"if","locations":[{"start":{"line":26,"column":4},"end":{"line":30,"column":5}},{"start":{"line":28,"column":11},"end":{"line":30,"column":5}}]},"1":{"loc":{"start":{"line":28,"column":11},"end":{"line":30,"column":5}},"type":"if","locations":[{"start":{"line":28,"column":11},"end":{"line":30,"column":5}},{"start":{},"end":{}}]},"2":{"loc":{"start":{"line":50,"column":6},"end":{"line":52,"column":7}},"type":"if","locations":[{"start":{"line":50,"column":6},"end":{"line":52,"column":7}},{"start":{},"end":{}}]},"3":{"loc":{"start":{"line":55,"column":6},"end":{"line":74,"column":7}},"type":"if","locations":[{"start":{"line":55,"column":6},"end":{"line":74,"column":7}},{"start":{},"end":{}}]},"4":{"loc":{"start":{"line":77,"column":6},"end":{"line":86,"column":7}},"type":"if","locations":[{"start":{"line":77,"column":6},"end":{"line":86,"column":7}},{"start":{},"end":{}}]},"5":{"loc":{"start":{"line":89,"column":6},"end":{"line":98,"column":7}},"type":"if","locations":[{"start":{"line":89,"column":6},"end":{"line":98,"column":7}},{"start":{},"end":{}}]},"6":{"loc":{"start":{"line":119,"column":7},"end":{"line":122,"column":8}},"type":"if","locations":[{"start":{"line":119,"column":7},"end":{"line":122,"column":8}},{"start":{},"end":{}}]},"7":{"loc":{"start":{"line":121,"column":32},"end":{"line":121,"column":55}},"type":"binary-expr","locations":[{"start":{"line":121,"column":32},"end":{"line":121,"column":43}},{"start":{"line":121,"column":47},"end":{"line":121,"column":55}}]},"8":{"loc":{"start":{"line":125,"column":7},"end":{"line":134,"column":8}},"type":"if","locations":[{"start":{"line":125,"column":7},"end":{"line":134,"column":8}},{"start":{},"end":{}}]},"9":{"loc":{"start":{"line":137,"column":7},"end":{"line":146,"column":8}},"type":"if","locations":[{"start":{"line":137,"column":7},"end":{"line":146,"column":8}},{"start":{},"end":{}}]}},"s":{"0":4,"1":12,"2":12,"3":11,"4":1,"5":1,"6":0,"7":11,"8":11,"9":11,"10":11,"11":11,"12":11,"13":11,"14":11,"15":23,"16":23,"17":23,"18":3,"19":23,"20":23,"21":11,"22":11,"23":11,"24":12,"25":12,"26":3,"27":12,"28":12,"29":0,"30":11,"31":1,"32":1,"33":1,"34":1,"35":1,"36":1,"37":1,"38":6,"39":6,"40":6,"41":6,"42":1,"43":6,"44":6,"45":2,"46":6,"47":6,"48":1,"49":1,"50":4},"f":{"0":12,"1":11,"2":23,"3":1,"4":6},"b":{"0":[11,1],"1":[1,0],"2":[3,20],"3":[11,12],"4":[3,9],"5":[0,12],"6":[1,5],"7":[1,0],"8":[2,4],"9":[1,5]}}
,"D:\\Coding\\atlas\\src\\core\\ralphy.ts": {"path":"D:\\Coding\\atlas\\src\\core\\ralphy.ts","statementMap":{"0":{"start":{"line":1,"column":0},"end":{"line":1,"column":20}},"1":{"start":{"line":2,"column":0},"end":{"line":2,"column":24}},"2":{"start":{"line":10,"column":22},"end":{"line":10,"column":52}},"3":{"start":{"line":11,"column":4},"end":{"line":13,"column":5}},"4":{"start":{"line":12,"column":6},"end":{"line":12,"column":51}},"5":{"start":{"line":15,"column":23},"end":{"line":15,"column":58}},"6":{"start":{"line":17,"column":19},"end":{"line":37,"column":2}},"7":{"start":{"line":39,"column":4},"end":{"line":44,"column":5}},"8":{"start":{"line":40,"column":8},"end":{"line":40,"column":45}},"9":{"start":{"line":41,"column":8},"end":{"line":41,"column":51}},"10":{"start":{"line":43,"column":8},"end":{"line":43,"column":69}},"11":{"start":{"line":8,"column":0},"end":{"line":8,"column":13}}},"fnMap":{"0":{"name":"(anonymous_1)","decl":{"start":{"line":9,"column":2},"end":{"line":9,"column":8}},"loc":{"start":{"line":9,"column":30},"end":{"line":45,"column":3}}}},"branchMap":{"0":{"loc":{"start":{"line":11,"column":4},"end":{"line":13,"column":5}},"type":"if","locations":[{"start":{"line":11,"column":4},"end":{"line":13,"column":5}},{"start":{},"end":{}}]},"1":{"loc":{"start":{"line":39,"column":4},"end":{"line":44,"column":5}},"type":"if","locations":[{"start":{"line":39,"column":4},"end":{"line":44,"column":5}},{"start":{"line":42,"column":11},"end":{"line":44,"column":5}}]}},"s":{"0":1,"1":1,"2":2,"3":2,"4":1,"5":2,"6":2,"7":2,"8":1,"9":1,"10":1,"11":1},"f":{"0":2},"b":{"0":[1,1],"1":[1,1]}}
,"D:\\Coding\\atlas\\src\\storage\\db.ts": {"path":"D:\\Coding\\atlas\\src\\storage\\db.ts","statementMap":{"0":{"start":{"line":1,"column":0},"end":{"line":1,"column":38}},"1":{"start":{"line":2,"column":0},"end":{"line":2,"column":24}},"2":{"start":{"line":3,"column":0},"end":{"line":3,"column":20}},"3":{"start":{"line":9,"column":16},"end":{"line":9,"column":41}},"4":{"start":{"line":10,"column":4},"end":{"line":12,"column":5}},"5":{"start":{"line":11,"column":6},"end":{"line":11,"column":45}},"6":{"start":{"line":13,"column":4},"end":{"line":13,"column":40}},"7":{"start":{"line":14,"column":4},"end":{"line":14,"column":16}},"8":{"start":{"line":18,"column":4},"end":{"line":56,"column":7}},"9":{"start":{"line":60,"column":4},"end":{"line":60,"column":19}},"10":{"start":{"line":64,"column":4},"end":{"line":64,"column":20}},"11":{"start":{"line":5,"column":0},"end":{"line":5,"column":13}}},"fnMap":{"0":{"name":"(anonymous_1)","decl":{"start":{"line":8,"column":2},"end":{"line":8,"column":14}},"loc":{"start":{"line":8,"column":33},"end":{"line":15,"column":3}}},"1":{"name":"(anonymous_2)","decl":{"start":{"line":17,"column":10},"end":{"line":17,"column":14}},"loc":{"start":{"line":17,"column":14},"end":{"line":57,"column":3}}},"2":{"name":"(anonymous_3)","decl":{"start":{"line":59,"column":2},"end":{"line":59,"column":7}},"loc":{"start":{"line":59,"column":7},"end":{"line":61,"column":3}}},"3":{"name":"(anonymous_4)","decl":{"start":{"line":63,"column":2},"end":{"line":63,"column":7}},"loc":{"start":{"line":63,"column":7},"end":{"line":65,"column":3}}}},"branchMap":{"0":{"loc":{"start":{"line":10,"column":4},"end":{"line":12,"column":5}},"type":"if","locations":[{"start":{"line":10,"column":4},"end":{"line":12,"column":5}},{"start":{},"end":{}}]}},"s":{"0":4,"1":4,"2":4,"3":15,"4":15,"5":5,"6":15,"7":15,"8":15,"9":22,"10":15,"11":4},"f":{"0":15,"1":15,"2":22,"3":15},"b":{"0":[5,10]}}
}
