TN:
SF:src\core\guardrails.ts
FN:12,(anonymous_1)
FN:17,(anonymous_2)
FN:44,(anonymous_3)
FN:81,(anonymous_4)
FNF:4
FNH:4
FNDA:3,(anonymous_1)
FNDA:2,(anonymous_2)
FNDA:1,(anonymous_3)
FNDA:3,(anonymous_4)
DA:1,1
DA:2,1
DA:4,1
DA:8,1
DA:13,3
DA:14,3
DA:18,2
DA:20,2
DA:21,2
DA:23,1
DA:32,1
DA:41,2
DA:58,1
DA:59,1
DA:60,0
DA:69,1
DA:70,1
DA:71,1
DA:72,1
DA:73,1
DA:74,1
DA:78,0
DA:82,3
LF:23
LH:21
BRDA:21,0,0,1
BRDA:21,0,1,1
BRDA:59,1,0,0
BRDA:59,1,1,1
BRDA:70,2,0,1
BRDA:70,2,1,0
BRDA:73,3,0,1
BRDA:73,3,1,0
BRF:8
BRH:5
end_of_record
TN:
SF:src\core\indexer.ts
FN:13,(anonymous_1)
FN:18,(anonymous_2)
FN:37,(anonymous_3)
FN:49,(anonymous_4)
FN:91,(anonymous_5)
FN:106,(anonymous_6)
FNF:6
FNH:6
FNDA:7,(anonymous_1)
FNDA:7,(anonymous_2)
FNDA:12,(anonymous_3)
FNDA:7,(anonymous_4)
FNDA:7,(anonymous_5)
FNDA:7,(anonymous_6)
DA:1,3
DA:2,3
DA:3,3
DA:4,3
DA:5,3
DA:6,3
DA:7,3
DA:9,3
DA:14,7
DA:15,7
DA:19,7
DA:20,7
DA:21,7
DA:22,7
DA:23,1
DA:25,7
DA:26,7
DA:27,7
DA:28,7
DA:30,7
DA:37,12
DA:39,7
DA:42,7
DA:43,7
DA:44,7
DA:45,7
DA:46,7
DA:47,7
DA:49,7
DA:50,7
DA:51,10
DA:52,10
DA:53,10
DA:55,10
DA:57,10
DA:58,0
DA:61,10
DA:63,10
DA:65,10
DA:67,0
DA:68,0
DA:69,0
DA:71,10
DA:72,10
DA:76,10
DA:77,20
DA:81,10
DA:82,2
DA:87,7
DA:88,7
DA:92,7
DA:95,7
DA:96,7
DA:99,7
DA:100,7
DA:107,7
LF:56
LH:52
BRDA:22,0,0,1
BRDA:22,0,1,6
BRDA:57,1,0,0
BRDA:57,1,1,10
BRDA:57,2,0,10
BRDA:57,2,1,0
BRDA:63,3,0,0
BRDA:63,3,1,10
BRDA:65,4,0,0
BRDA:65,4,1,10
BRDA:77,5,0,18
BRDA:77,5,1,2
BRF:12
BRH:8
end_of_record
TN:
SF:src\core\packer.ts
FN:15,(anonymous_1)
FN:20,(anonymous_2)
FN:21,(anonymous_3)
FN:27,(anonymous_4)
FN:28,(anonymous_5)
FN:98,(anonymous_6)
FNF:6
FNH:6
FNDA:2,(anonymous_1)
FNDA:2,(anonymous_2)
FNDA:5,(anonymous_3)
FNDA:3,(anonymous_4)
FNDA:3,(anonymous_5)
FNDA:2,(anonymous_6)
DA:1,1
DA:2,1
DA:3,1
DA:11,1
DA:16,2
DA:17,2
DA:21,5
DA:22,2
DA:25,2
DA:26,2
DA:27,3
DA:28,3
DA:29,2
DA:33,2
DA:34,2
DA:36,2
DA:37,4
DA:38,2
DA:39,2
DA:45,2
DA:46,2
DA:47,2
DA:48,2
DA:49,2
DA:50,2
DA:53,2
DA:55,2
DA:64,2
DA:65,2
DA:67,2
DA:68,2
DA:69,2
DA:70,2
DA:71,2
DA:72,1
DA:74,1
DA:79,1
DA:83,2
DA:94,2
DA:95,2
DA:99,2
LF:41
LH:41
BRDA:26,0,0,2
BRDA:26,0,1,0
BRDA:37,1,0,2
BRDA:37,1,1,2
BRDA:48,2,0,2
BRDA:48,2,1,0
BRDA:53,3,0,2
BRDA:53,3,1,0
BRDA:69,4,0,2
BRDA:69,4,1,0
BRDA:71,5,0,1
BRDA:71,5,1,1
BRF:12
BRH:8
end_of_record
TN:
SF:src\core\parser.ts
FN:24,(anonymous_1)
FN:34,(anonymous_2)
FN:46,(anonymous_3)
FN:104,(anonymous_4)
FN:113,(anonymous_5)
FNF:5
FNH:5
FNDA:12,(anonymous_1)
FNDA:11,(anonymous_2)
FNDA:23,(anonymous_3)
FNDA:1,(anonymous_4)
FNDA:6,(anonymous_5)
DA:2,4
DA:23,4
DA:25,12
DA:26,12
DA:27,11
DA:28,1
DA:29,1
DA:31,0
DA:35,11
DA:36,11
DA:37,11
DA:41,11
DA:42,11
DA:43,11
DA:44,11
DA:46,11
DA:47,23
DA:49,23
DA:50,23
DA:51,3
DA:54,23
DA:55,23
DA:56,11
DA:65,11
DA:73,11
DA:76,12
DA:77,12
DA:78,3
DA:88,12
DA:89,12
DA:90,0
DA:101,11
DA:105,1
DA:106,1
DA:107,1
DA:109,1
DA:110,1
DA:111,1
DA:113,1
DA:114,6
DA:115,6
DA:118,6
DA:119,6
DA:121,1
DA:124,6
DA:125,6
DA:126,2
DA:136,6
DA:137,6
DA:138,1
DA:149,1
LF:51
LH:49
BRDA:26,0,0,11
BRDA:26,0,1,1
BRDA:28,1,0,1
BRDA:28,1,1,0
BRDA:50,2,0,3
BRDA:50,2,1,20
BRDA:55,3,0,11
BRDA:55,3,1,12
BRDA:77,4,0,3
BRDA:77,4,1,9
BRDA:89,5,0,0
BRDA:89,5,1,12
BRDA:119,6,0,1
BRDA:119,6,1,5
BRDA:121,7,0,1
BRDA:121,7,1,0
BRDA:125,8,0,2
BRDA:125,8,1,4
BRDA:137,9,0,1
BRDA:137,9,1,5
BRF:20
BRH:17
end_of_record
TN:
SF:src\core\ralphy.ts
FN:9,(anonymous_1)
FNF:1
FNH:1
FNDA:2,(anonymous_1)
DA:1,1
DA:2,1
DA:8,1
DA:10,2
DA:11,2
DA:12,1
DA:15,2
DA:17,2
DA:39,2
DA:40,1
DA:41,1
DA:43,1
LF:12
LH:12
BRDA:11,0,0,1
BRDA:11,0,1,1
BRDA:39,1,0,1
BRDA:39,1,1,1
BRF:4
BRH:4
end_of_record
TN:
SF:src\storage\db.ts
FN:8,(anonymous_1)
FN:17,(anonymous_2)
FN:59,(anonymous_3)
FN:63,(anonymous_4)
FNF:4
FNH:4
FNDA:15,(anonymous_1)
FNDA:15,(anonymous_2)
FNDA:22,(anonymous_3)
FNDA:15,(anonymous_4)
DA:1,4
DA:2,4
DA:3,4
DA:5,4
DA:9,15
DA:10,15
DA:11,5
DA:13,15
DA:14,15
DA:18,15
DA:60,22
DA:64,15
LF:12
LH:12
BRDA:10,0,0,5
BRDA:10,0,1,10
BRF:2
BRH:2
end_of_record
